\BOOKMARK [1][]{section.1}{\376\377\000C\000a\000l\000a\000b\000i\000-\000Y\000a\000u\000\040\000t\000h\000r\000e\000e\000f\000o\000l\000d\000\040\000o\000f\000\040\000d\000e\000g\000r\000e\000e\000\040\0002\0000\000\040\000i\000n\000\040\000P\0007}{}% 1
\BOOKMARK [2][]{subsection.1.1}{\376\377\000O\000v\000e\000r\000v\000i\000e\000w\000\040\000o\000f\000\040\000t\000h\000i\000s\000\040\000p\000r\000o\000j\000e\000c\000t\000\040\000i\000n\000\040\000a\000\040\000T\000e\000l\000e\000g\000r\000a\000m\000\040\000m\000e\000s\000s\000a\000g\000e}{section.1}% 2
\BOOKMARK [2][]{subsection.1.2}{\376\377\000R\000e\000a\000d\000i\000n\000g\000\040\000l\000u\000k\0001}{section.1}% 3
\BOOKMARK [2][]{subsection.1.3}{\376\377\000R\000e\000a\000d\000i\000n\000g\000\040\000s\000t\000u\000r\000m}{section.1}% 4
\BOOKMARK [2][]{subsection.1.4}{\376\377\000R\000e\000a\000d\000i\000n\000g\000\040\000d\000e\000f\0000}{section.1}% 5
\BOOKMARK [2][]{subsection.1.5}{\376\377\000R\000e\000a\000d\000i\000n\000g\000\040\000j\000a\000n\0001}{section.1}% 6
\BOOKMARK [3][]{subsubsection.1.5.1}{\376\377\000H\000o\000w\000\040\000j\000a\000n\0001\000\040\000g\000e\000t\000s\000\040\000a\000\040\000C\000Y\0003}{subsection.1.5}% 7
\BOOKMARK [3][]{subsubsection.1.5.2}{\376\377\000J\000a\000n\000u\000a\000r\000y\000\040\0002\0002\000,\0002\0006\000:\000\040\000c\000o\000n\000s\000t\000r\000u\000c\000t\000i\000o\000n\000\040\000o\000f\000\040\000t\000o\000r\000u\000s\000\040\000t\000i\000l\000i\000n\000g\000,\000\040\000D\000e\000f\000X\000a\000\040\000i\000s\000\040\000a\000\040\000v\000e\000c\000t\000o\000r\000\040\000s\000p\000a\000c\000e\000\040\000g\000e\000n\000e\000r\000a\000t\000e\000d\000\040\000b\000y\000\040\000t\000h\000e\000\040\000e\000d\000g\000e\000s}{subsection.1.5}% 8
\BOOKMARK [3][]{subsubsection.1.5.3}{\376\377\000C\000o\000m\000p\000u\000t\000i\000n\000g\000\040\000t\000h\000e\000\040\000S\000R\000\040\000i\000d\000e\000a\000l\000\040\000o\000f\000\040\000M}{subsection.1.5}% 9
\BOOKMARK [2][]{subsection.1.6}{\376\377\000R\000e\000a\000d\000i\000n\000g\000\040\000j\000a\000n\0002}{section.1}% 10
\BOOKMARK [2][]{subsection.1.7}{\376\377\000C\000o\000m\000p\000u\000t\000i\000n\000g\000\040\000D\000e\000f\000a\000X\000M}{section.1}% 11
\BOOKMARK [3][]{subsubsection.1.7.1}{\376\377\000L\000u\000c\000a\000s\000'\000\040\000N\000o\000t\000e\000s\000\040\000o\000n\000\040\000d\000e\000f\000o\000s}{subsection.1.7}% 12
\BOOKMARK [3][]{subsubsection.1.7.2}{\376\377\000F\000e\000b\000r\000u\000a\000r\000y\000\040\0001\0000}{subsection.1.7}% 13
\BOOKMARK [3][]{subsubsection.1.7.3}{\376\377\000F\000e\000b\000r\000u\000a\000r\000y\000\040\0001\0001}{subsection.1.7}% 14
\BOOKMARK [2][]{subsection.1.8}{\376\377\000F\000e\000b\000r\000u\000a\000r\000y\000\040\0002\0004\000:\000\040\000r\000e\000a\000d\000i\000n\000g\000\040\000g\000r\000u\000n}{section.1}% 15
\BOOKMARK [2][]{subsection.1.9}{\376\377\000M\000a\000r\000c\000h\000\040\0001\0000\000:\000\040\000u\000n\000d\000e\000r\000s\000t\000a\000n\000d\000i\000n\000g\000\040\000M}{section.1}% 16
\BOOKMARK [2][]{subsection.1.10}{\376\377\000M\000a\000r\000c\000h\000\040\0001\0004\000:\000\040\000w\000h\000a\000t\000'\000s\000\040\000t\000h\000e\000\040\000v\000a\000l\000e\000n\000c\000y\000\040\000o\000f\000\040\000t\000h\000e\000\040\000v\000e\000r\000t\000i\000c\000e\000s\000\040\000o\000f\000\040\000M\000?}{section.1}% 17
\BOOKMARK [2][]{subsection.1.11}{\376\377\000M\000a\000r\000c\000h\000\040\0001\0009\000:\000\040\000w\000r\000a\000p\000\040\000i\000t\000\040\000u\000p\000\040\000f\000o\000r\000\040\000a\000\040\000m\000e\000e\000t\000i\000n\000g\000\040\000w\000i\000t\000h\000\040\000G\000a\000l\000k\000i\000n}{section.1}% 18
\BOOKMARK [2][]{subsection.1.12}{\376\377\000M\000a\000r\000c\000h\000\040\0003\0001\000:\000\040\000h\000o\000w\000\040\000t\000o\000\040\000f\000i\000n\000d\000\040\000a\000\040\000s\000m\000o\000o\000t\000h\000i\000n\000g\000\040\000w\000i\000t\000h\000i\000n\000\040\000d\000e\000f\000o\000r\000m\000a\000t\000i\000o\000n\000\040\000s\000p\000a\000c\000e}{section.1}% 19
\BOOKMARK [2][]{subsection.1.13}{\376\377\000A\000p\000r\000i\000l\000\040\0006\000:\000\040\000w\000h\000a\000t\000'\000s\000\040\000a\000\040\000t\000r\000i\000a\000n\000g\000l\000e\000?}{section.1}% 20
\BOOKMARK [2][]{subsection.1.14}{\376\377\000A\000p\000r\000i\000l\000\040\0007\000:\000\040\000w\000h\000a\000t\000\040\000a\000r\000e\000\040\000s\000q\000u\000a\000r\000e\000s\000\040\000a\000n\000d\000\040\000p\000e\000n\000t\000a\000g\000o\000n\000s}{section.1}% 21
\BOOKMARK [2][]{subsection.1.15}{\376\377\000A\000p\000r\000i\000l\000\040\0008\000:\000\040\000P\000U\000C\000\040\000T\000u\000e\000s\000d\000a\000y}{section.1}% 22
\BOOKMARK [2][]{subsection.1.16}{\376\377\000A\000p\000r\000i\000l\000\040\0001\0005\000:\000\040\000P\000U\000C\000\040\000f\000r\000o\000m\000\040\000h\000o\000m\000e\000\040\000T\000u\000e\000s\000d\000a\000y}{section.1}% 23
\BOOKMARK [3][]{subsubsection.1.16.1}{\376\377\000C\000o\000r\000r\000e\000c\000t\000i\000o\000n\000s\000\040\000o\000n\000\040\000p\000e\000n\000t\000a\000g\000o\000n}{subsection.1.16}% 24
\BOOKMARK [3][]{subsubsection.1.16.2}{\376\377\000S\000i\000n\000c\000e\000\040\000p\000e\000n\000t\000a\000g\000o\000n\000\040\000i\000s\000\040\000a\000l\000r\000e\000a\000d\000y\000\040\000t\000o\000o\000\040\000c\000o\000m\000p\000l\000i\000c\000a\000t\000e\000d\040\046}{subsection.1.16}% 25
\BOOKMARK [2][]{subsection.1.17}{\376\377\000S\000u\000m\000m\000o\000n\000i\000n\000g\000\040\000V\000i\000c\000t\000o\000r}{section.1}% 26
\BOOKMARK [1][]{section.2}{\376\377\000P\000f\000a\000f\000f\000i\000a\000n\000\040\000v\000a\000r\000i\000e\000t\000i\000e\000s}{}% 27
\BOOKMARK [2][]{subsection.2.1}{\376\377\000R\000e\000a\000d\000i\000n\000g\000\040\000p\000f\000a\000f\000f\000i\000a\000n}{section.2}% 28
\BOOKMARK [2][]{subsection.2.2}{\376\377\000D\000i\000s\000c\000u\000s\000s\000i\000o\000n\000\040\000i\000n\000\040\000T\000e\000l\000e\000g\000r\000a\000m}{section.2}% 29
\BOOKMARK [2][]{subsection.2.3}{\376\377\000R\000e\000a\000d\000i\000n\000g\000\040\000k\000k\0001}{section.2}% 30
\BOOKMARK [2][]{subsection.2.4}{\376\377\000P\000f\000a\000f\000f\000i\000a\000n\000-\000G\000r\000a\000s\000s\000m\000a\000n\000i\000a\000n\000\040\000c\000o\000r\000r\000e\000s\000p\000o\000n\000d\000e\000n\000c\000e}{section.2}% 31
\BOOKMARK [3][]{subsubsection.2.4.1}{\376\377\000R\000e\000a\000d\000i\000n\000g\000\040\000h\000o\000t}{subsection.2.4}% 32
\BOOKMARK [3][]{subsubsection.2.4.2}{\376\377\000R\000e\000a\000d\000i\000n\000g\000\040\000p\000f\000g\000r}{subsection.2.4}% 33
\BOOKMARK [1][]{section.3}{\376\377\000F\000a\000n\000o\000\040\000v\000a\000r\000i\000e\000t\000i\000e\000s}{}% 34
\BOOKMARK [2][]{subsection.3.1}{\376\377\000R\000e\000a\000d\000i\000n\000g\000\040\000g\000a\000l\000k\000i\000n\0001}{section.3}% 35
\BOOKMARK [2][]{subsection.3.2}{\376\377\000O\000b\000j\000e\000c\000t\000i\000v\000e\000s\000\040\000s\000e\000t\000\040\000b\000y\000\040\000C\000h\000a\000t\000G\000P\000T}{section.3}% 36
\BOOKMARK [2][]{subsection.3.3}{\376\377\000D\000e\000c\000e\000m\000b\000e\000r\000\040\0001\0003\000:\000\040\000O\000\050\000d\000\051\000\040\000a\000n\000d\000\040\000a\000m\000p\000l\000e\000n\000e\000s\000s}{section.3}% 37
\BOOKMARK [2][]{subsection.3.4}{\376\377\000R\000e\000a\000d\000i\000n\000g\000\040\000j\000a\000n\0004}{section.3}% 38
\BOOKMARK [2][]{subsection.3.5}{\376\377\000R\000e\000a\000d\000i\000n\000g\000\040\000p\000r\000z\0000\0009}{section.3}% 39
\BOOKMARK [2][]{subsection.3.6}{\376\377\000R\000e\000a\000d\000i\000n\000g\000\040\000i\000l\000p\0001\0003}{section.3}% 40
\BOOKMARK [1][]{section.4}{\376\377\000J\000a\000n\000u\000a\000r\000y\000\040\0001\0005\000:\000\040\000b\000a\000c\000k\000\040\000f\000r\000o\000m\000\040\000s\000u\000m\000m\000e\000r\000\040\000h\000o\000l\000i\000d\000a\000y\000s}{}% 41
\BOOKMARK [2][]{subsection.4.1}{\376\377\000J\000a\000n\000u\000a\000r\000y\000\040\0002\0001}{section.4}% 42
